TN:
SF:contracts/coreRelayer/CoreRelayer.sol
FN:36,CoreRelayer.send
FNDA:2560,CoreRelayer.send
DA:44,2560
FN:75,CoreRelayer.send
FNDA:9472,CoreRelayer.send
DA:81,12032
FN:118,CoreRelayer.forward
FNDA:1792,CoreRelayer.forward
DA:126,1792
FN:167,CoreRelayer.forward
FNDA:256,CoreRelayer.forward
DA:169,2048
FN:184,CoreRelayer.multichainSend
FNDA:256,CoreRelayer.multichainSend
DA:189,12288
DA:190,12288
DA:191,12288
DA:192,12288
BRDA:192,0,0,256
BRDA:192,0,1,12032
DA:193,256
DA:195,12032
BRDA:195,1,0,256
BRDA:195,1,1,11776
DA:196,256
DA:198,11776
BRDA:198,2,0,256
BRDA:198,2,1,11520
DA:199,256
DA:202,11520
DA:207,11520
DA:208,11520
DA:213,11008
DA:216,10496
DA:220,10496
DA:225,10496
FN:244,CoreRelayer.multichainForward
FNDA:1024,CoreRelayer.multichainForward
DA:245,3072
BRDA:245,3,0,512
BRDA:245,3,1,2560
DA:246,512
DA:248,2560
BRDA:248,4,0,256
BRDA:248,4,1,2304
DA:249,256
DA:251,2304
BRDA:251,5,0,256
BRDA:251,5,1,2048
DA:252,256
DA:254,2048
BRDA:254,6,0,-
BRDA:254,6,1,2048
DA:255,0
DA:257,2048
BRDA:257,7,0,256
BRDA:257,7,1,1792
DA:258,256
DA:261,1792
DA:262,1792
DA:267,1792
DA:268,1792
DA:273,1792
DA:277,1280
FN:304,CoreRelayer.resend
FNDA:4352,CoreRelayer.resend
DA:309,4352
DA:310,4352
DA:311,4352
BRDA:311,8,0,256
BRDA:311,8,1,4096
DA:312,256
DA:315,4096
DA:319,4096
DA:323,4096
DA:327,3584
DA:332,3584
FN:349,CoreRelayer.quoteGas
FNDA:21504,CoreRelayer.quoteGas
DA:354,21504
DA:357,21504
FN:375,CoreRelayer.quoteGasResend
FNDA:4096,CoreRelayer.quoteGasResend
DA:380,4096
DA:383,4096
FN:401,CoreRelayer.quoteReceiverValue
FNDA:1536,CoreRelayer.quoteReceiverValue
DA:406,1536
DA:410,1536
DA:411,1536
FN:420,CoreRelayer.getDefaultRelayProvider
FNDA:15616,CoreRelayer.getDefaultRelayProvider
DA:421,19968
FN:428,CoreRelayer.getDefaultRelayParams
FNDA:14848,CoreRelayer.getDefaultRelayParams
DA:429,19200
FN:433,CoreRelayer.multichainSendContainer
FNDA:14080,CoreRelayer.multichainSendContainer
DA:438,14080
DA:439,14080
DA:440,14080
FNF:13
FNH:13
LF:57
LH:56
BRF:18
BRH:17
end_of_record
TN:
SF:contracts/coreRelayer/CoreRelayerDelivery.sol
FN:41,CoreRelayerDelivery.emitForward
FNDA:1024,CoreRelayerDelivery.emitForward
DA:45,1024
DA:46,1024
DA:49,1024
DA:52,1024
DA:54,1024
DA:55,1024
DA:56,1024
DA:60,1024
BRDA:60,0,0,-
BRDA:60,0,1,512
DA:61,512
DA:66,512
DA:71,512
DA:76,1024
DA:77,1024
DA:84,1024
BRDA:84,1,0,-
BRDA:84,1,1,512
DA:85,512
DA:89,1024
FN:114,CoreRelayerDelivery._executeDelivery
FNDA:10240,CoreRelayerDelivery._executeDelivery
DA:121,10240
BRDA:121,2,0,256
BRDA:121,2,1,9984
DA:122,256
DA:124,9984
DA:125,9984
DA:127,9984
DA:131,9984
DA:136,9984
DA:139,9984
DA:144,9984
DA:148,9984
DA:151,9984
DA:152,9984
DA:155,9984
DA:157,9984
BRDA:157,3,0,512
BRDA:157,3,1,512
DA:159,1024
DA:160,1024
DA:162,8960
DA:166,9984
DA:174,9984
FN:184,CoreRelayerDelivery.payRefunds
FNDA:9984,CoreRelayerDelivery.payRefunds
DA:193,9984
DA:197,9984
DA:200,9984
DA:201,9984
DA:203,9984
DA:205,9984
DA:212,9984
DA:215,9984
FN:218,CoreRelayerDelivery.verifyRelayerVM
FNDA:16896,CoreRelayerDelivery.verifyRelayerVM
DA:219,16896
FN:247,CoreRelayerDelivery.redeliverSingle
FNDA:3584,CoreRelayerDelivery.redeliverSingle
DA:248,3584
DA:250,3584
DA:251,3584
DA:254,3584
BRDA:254,4,0,256
BRDA:254,4,1,3328
DA:255,256
DA:259,3328
BRDA:259,5,0,256
BRDA:259,5,1,3072
DA:260,256
DA:263,3072
DA:266,3072
DA:267,3072
DA:271,3072
BRDA:271,6,0,256
BRDA:271,6,1,2816
DA:272,256
DA:276,2816
BRDA:276,7,0,256
BRDA:276,7,1,2560
DA:277,256
DA:283,2560
DA:294,2560
DA:301,1792
BRDA:301,8,0,1024
BRDA:301,8,1,768
DA:302,1024
DA:309,1024
DA:310,1024
DA:314,768
DA:315,768
DA:316,768
DA:318,768
FN:342,CoreRelayerDelivery.checkRedeliveryInstructionTarget
FNDA:2560,CoreRelayerDelivery.checkRedeliveryInstructionTarget
DA:346,2560
DA:349,2560
BRDA:349,9,0,256
BRDA:349,9,1,2304
DA:350,256
DA:353,2304
DA:356,2304
BRDA:356,10,0,256
BRDA:356,10,1,2048
DA:357,256
DA:360,2048
DA:364,2048
BRDA:363,11,0,256
BRDA:363,11,1,1792
DA:368,256
DA:372,1792
FN:403,CoreRelayerDelivery.deliverSingle
FNDA:11008,CoreRelayerDelivery.deliverSingle
DA:404,11008
DA:407,11008
DA:408,11008
DA:411,11008
BRDA:411,12,0,256
BRDA:411,12,1,10752
DA:412,256
DA:416,10752
BRDA:416,13,0,256
BRDA:416,13,1,10496
DA:417,256
DA:420,10496
DA:423,10496
BRDA:423,14,0,256
BRDA:423,14,1,10240
DA:424,256
DA:430,10240
DA:433,10240
BRDA:433,15,0,256
BRDA:433,15,1,9984
DA:434,256
DA:437,9984
DA:441,9984
BRDA:440,16,0,256
BRDA:440,16,1,9728
DA:444,256
DA:448,9728
BRDA:448,17,0,256
BRDA:448,17,1,9472
DA:449,256
DA:452,9472
FN:469,CoreRelayerDelivery.toWormholeFormat
FNDA:50944,CoreRelayerDelivery.toWormholeFormat
DA:470,50944
FN:478,CoreRelayerDelivery.fromWormholeFormat
FNDA:2560,CoreRelayerDelivery.fromWormholeFormat
DA:479,58112
FN:482,CoreRelayerDelivery.pay
FNDA:35584,CoreRelayerDelivery.pay
DA:483,35584
BRDA:483,18,0,256
BRDA:483,18,1,30703
DA:484,30959
DA:486,4625
FNF:10
FNH:10
LF:102
LH:102
BRF:38
BRH:36
end_of_record
TN:
SF:contracts/coreRelayer/CoreRelayerGetters.sol
FN:16,CoreRelayerGetters.governanceActionIsConsumed
FNDA:0,CoreRelayerGetters.governanceActionIsConsumed
DA:17,0
FN:20,CoreRelayerGetters.governanceChainId
FNDA:0,CoreRelayerGetters.governanceChainId
DA:21,0
FN:24,CoreRelayerGetters.governanceContract
FNDA:0,CoreRelayerGetters.governanceContract
DA:25,0
FN:28,CoreRelayerGetters.isInitialized
FNDA:0,CoreRelayerGetters.isInitialized
DA:29,0
FN:32,CoreRelayerGetters.wormhole
FNDA:0,CoreRelayerGetters.wormhole
DA:33,46080
FN:36,CoreRelayerGetters.chainId
FNDA:0,CoreRelayerGetters.chainId
DA:37,47871
FN:40,CoreRelayerGetters.evmChainId
FNDA:0,CoreRelayerGetters.evmChainId
DA:41,0
FN:44,CoreRelayerGetters.isFork
FNDA:0,CoreRelayerGetters.isFork
DA:45,0
FN:48,CoreRelayerGetters.registeredCoreRelayerContract
FNDA:0,CoreRelayerGetters.registeredCoreRelayerContract
DA:49,16896
FN:52,CoreRelayerGetters.defaultRelayProvider
FNDA:19968,CoreRelayerGetters.defaultRelayProvider
DA:53,19968
FN:56,CoreRelayerGetters.getForwardInstruction
FNDA:12544,CoreRelayerGetters.getForwardInstruction
DA:57,12544
FN:60,CoreRelayerGetters.isContractLocked
FNDA:13312,CoreRelayerGetters.isContractLocked
DA:61,13312
FN:64,CoreRelayerGetters.lockedTargetAddress
FNDA:2048,CoreRelayerGetters.lockedTargetAddress
DA:65,2048
FNF:13
FNH:4
LF:13
LH:7
BRF:0
BRH:0
end_of_record
TN:
SF:contracts/coreRelayer/CoreRelayerGovernance.sol
FN:37,CoreRelayerGovernance.submitContractUpgrade
FNDA:0,CoreRelayerGovernance.submitContractUpgrade
DA:38,0
BRDA:38,0,0,-
BRDA:38,0,1,-
DA:39,0
DA:42,0
DA:43,0
BRDA:43,1,0,-
BRDA:43,1,1,-
DA:44,0
DA:47,0
DA:49,0
DA:50,0
BRDA:50,2,0,-
BRDA:50,2,1,-
DA:51,0
DA:54,0
FN:57,CoreRelayerGovernance.registerCoreRelayerContract
FNDA:0,CoreRelayerGovernance.registerCoreRelayerContract
DA:58,0
DA:59,0
BRDA:59,3,0,-
BRDA:59,3,1,-
DA:60,0
DA:63,0
DA:65,0
DA:67,0
BRDA:67,4,0,-
BRDA:67,4,1,-
DA:68,0
DA:71,0
FN:74,CoreRelayerGovernance.setDefaultRelayProvider
FNDA:0,CoreRelayerGovernance.setDefaultRelayProvider
DA:75,0
DA:76,0
BRDA:76,5,0,-
BRDA:76,5,1,-
DA:77,0
DA:80,0
DA:82,0
DA:83,0
DA:85,0
BRDA:85,6,0,-
BRDA:85,6,1,-
DA:86,0
DA:89,0
FN:92,CoreRelayerGovernance.upgradeImplementation
FNDA:0,CoreRelayerGovernance.upgradeImplementation
DA:93,0
DA:95,0
DA:98,0
DA:100,0
BRDA:100,7,0,-
BRDA:100,7,1,-
DA:101,0
DA:104,0
FN:107,CoreRelayerGovernance.verifyGovernanceVM
FNDA:0,CoreRelayerGovernance.verifyGovernanceVM
DA:112,0
DA:114,0
BRDA:114,8,0,-
BRDA:114,8,1,-
DA:115,0
DA:118,0
BRDA:118,9,0,-
BRDA:118,9,1,-
DA:119,0
DA:121,0
BRDA:121,10,0,-
BRDA:121,10,1,-
DA:122,0
DA:125,0
BRDA:125,11,0,-
BRDA:125,11,1,-
DA:126,0
DA:129,0
FNF:5
FNH:0
LF:43
LH:0
BRF:24
BRH:0
end_of_record
TN:
SF:contracts/coreRelayer/CoreRelayerImplementation.sol
FN:13,CoreRelayerImplementation.initialize
FNDA:0,CoreRelayerImplementation.initialize
FNF:1
FNH:0
LF:0
LH:0
BRF:0
BRH:0
end_of_record
TN:
SF:contracts/coreRelayer/CoreRelayerLibrary.sol
FN:17,CoreRelayerLibrary.parseUpgrade
FNDA:0,CoreRelayerLibrary.parseUpgrade
DA:22,0
DA:24,0
DA:25,0
DA:27,0
BRDA:27,0,0,-
BRDA:27,0,1,-
DA:28,0
DA:31,0
DA:32,0
DA:34,0
BRDA:34,1,0,-
BRDA:34,1,1,-
DA:35,0
DA:38,0
DA:39,0
DA:41,0
DA:42,0
DA:44,0
BRDA:44,2,0,-
BRDA:44,2,1,-
DA:45,0
FN:49,CoreRelayerLibrary.parseRegisterChain
FNDA:0,CoreRelayerLibrary.parseRegisterChain
DA:54,0
DA:56,0
DA:57,0
DA:59,0
BRDA:59,3,0,-
BRDA:59,3,1,-
DA:60,0
DA:63,0
DA:64,0
DA:66,0
DA:67,0
DA:69,0
BRDA:69,4,0,-
BRDA:69,4,1,-
DA:70,0
DA:73,0
DA:74,0
DA:76,0
DA:77,0
DA:79,0
BRDA:79,5,0,-
BRDA:79,5,1,-
DA:80,0
FN:84,CoreRelayerLibrary.parseUpdateDefaultProvider
FNDA:0,CoreRelayerLibrary.parseUpdateDefaultProvider
DA:89,0
DA:91,0
DA:92,0
DA:94,0
BRDA:94,6,0,-
BRDA:94,6,1,-
DA:95,0
DA:98,0
DA:99,0
DA:101,0
BRDA:101,7,0,-
BRDA:101,7,1,-
DA:102,0
DA:105,0
DA:106,0
DA:108,0
DA:109,0
DA:111,0
BRDA:111,8,0,-
BRDA:111,8,1,-
DA:112,0
FNF:3
FNH:0
LF:47
LH:0
BRF:18
BRH:0
end_of_record
TN:
SF:contracts/coreRelayer/CoreRelayerMessages.sol
FN:23,CoreRelayerMessages.getTotalFeeMultichainSend
FNDA:14080,CoreRelayerMessages.getTotalFeeMultichainSend
DA:28,14080
DA:29,14080
DA:30,14080
DA:31,13824
DA:32,13824
FN:50,CoreRelayerMessages.convertMultichainSendToDeliveryInstructionsContainer
FNDA:13312,CoreRelayerMessages.convertMultichainSendToDeliveryInstructionsContainer
DA:55,13312
DA:56,13312
DA:57,13312
DA:58,13312
DA:59,13312
DA:60,13312
FN:80,CoreRelayerMessages.convertSendToDeliveryInstruction
FNDA:13312,CoreRelayerMessages.convertSendToDeliveryInstruction
DA:85,13312
DA:86,13312
DA:87,13312
DA:88,13312
DA:89,13312
BRDA:89,0,0,512
BRDA:89,0,1,12800
DA:90,512
DA:92,12800
DA:94,12800
DA:96,12800
FN:111,CoreRelayerMessages.checkInstructions
FNDA:12800,CoreRelayerMessages.checkInstructions
DA:115,12800
DA:116,12800
DA:117,12800
DA:118,12800
BRDA:118,1,0,512
BRDA:118,1,1,12288
DA:119,512
DA:122,12288
BRDA:121,2,0,512
BRDA:121,2,1,11776
DA:125,512
FN:138,CoreRelayerMessages.checkRedeliveryInstruction
FNDA:4096,CoreRelayerMessages.checkRedeliveryInstruction
DA:142,4096
BRDA:142,3,0,256
BRDA:142,3,1,3840
DA:143,256
DA:146,3840
BRDA:145,4,0,256
BRDA:145,4,1,3584
DA:149,256
FN:168,CoreRelayerMessages.convertResendToRedeliveryInstruction
FNDA:4096,CoreRelayerMessages.convertResendToRedeliveryInstruction
DA:172,4096
DA:173,4096
DA:174,4096
DA:175,4096
DA:176,4096
DA:177,4096
DA:178,4096
DA:179,4096
DA:181,4096
DA:183,4096
FN:191,CoreRelayerMessages.encodeRedeliveryInstruction
FNDA:3584,CoreRelayerMessages.encodeRedeliveryInstruction
DA:196,3584
FN:213,CoreRelayerMessages.encodeDeliveryInstructionsContainer
FNDA:12800,CoreRelayerMessages.encodeDeliveryInstructionsContainer
DA:218,12800
DA:222,12800
DA:223,12800
FN:228,CoreRelayerMessages.encodeDeliveryInstruction
FNDA:12800,CoreRelayerMessages.encodeDeliveryInstruction
DA:233,12800
FN:258,CoreRelayerMessages.calculateTargetGasDeliveryAmount
FNDA:12800,CoreRelayerMessages.calculateTargetGasDeliveryAmount
DA:263,12800
FN:282,CoreRelayerMessages.calculateTargetDeliveryMaximumRefund
FNDA:13312,CoreRelayerMessages.calculateTargetDeliveryMaximumRefund
DA:287,13312
FN:305,CoreRelayerMessages.calculateTargetGasRedeliveryAmount
FNDA:4096,CoreRelayerMessages.calculateTargetGasRedeliveryAmount
DA:310,4096
FN:329,CoreRelayerMessages.calculateTargetRedeliveryMaximumRefund
FNDA:4096,CoreRelayerMessages.calculateTargetRedeliveryMaximumRefund
DA:334,4096
FN:348,CoreRelayerMessages.calculateTargetGasDeliveryAmountHelper
FNDA:16896,CoreRelayerMessages.calculateTargetGasDeliveryAmountHelper
DA:354,16896
BRDA:354,5,0,203
BRDA:354,5,1,16693
DA:355,203
DA:357,16693
DA:358,16693
BRDA:358,6,0,1045
BRDA:358,6,1,15648
DA:359,1045
DA:361,15648
FN:374,CoreRelayerMessages.calculateTargetDeliveryMaximumRefundHelper
FNDA:17408,CoreRelayerMessages.calculateTargetDeliveryMaximumRefundHelper
DA:380,17408
BRDA:380,7,0,17407
BRDA:380,7,1,1
DA:381,17407
DA:382,17407
DA:384,1
FN:404,CoreRelayerMessages.assetConversionHelper
FNDA:35839,CoreRelayerMessages.assetConversionHelper
DA:413,35839
DA:414,35839
BRDA:414,8,0,-
BRDA:414,8,1,35839
DA:415,0
DA:418,35839
DA:419,35839
BRDA:419,9,0,-
BRDA:419,9,1,35839
DA:420,0
DA:422,35839
DA:423,35839
DA:424,35839
BRDA:424,10,0,1536
BRDA:424,10,1,34303
DA:425,1536
DA:427,34303
FN:443,CoreRelayerMessages.convertReceiverValueAmount
FNDA:16896,CoreRelayerMessages.convertReceiverValueAmount
DA:448,16896
DA:450,16896
FN:456,CoreRelayerMessages.decodeRedeliveryInstruction
FNDA:3584,CoreRelayerMessages.decodeRedeliveryInstruction
DA:461,6656
DA:463,6656
DA:464,6656
BRDA:464,11,0,-
BRDA:464,11,1,6656
DA:465,0
DA:467,6656
DA:469,6656
DA:470,6656
DA:472,6656
DA:473,6656
DA:475,6656
DA:476,6656
DA:478,6656
DA:479,6656
DA:481,6656
DA:482,6656
DA:484,6656
DA:485,6656
DA:487,6656
DA:488,6656
DA:490,6656
DA:491,6656
DA:493,6656
DA:494,6656
DA:496,6656
DA:497,6656
DA:499,6656
DA:500,6656
FN:504,CoreRelayerMessages.decodeDeliveryInstructionsContainer
FNDA:11264,CoreRelayerMessages.decodeDeliveryInstructionsContainer
DA:509,25344
DA:511,25344
DA:512,25344
BRDA:512,12,0,-
BRDA:512,12,1,25344
DA:513,0
DA:515,25344
DA:516,25344
DA:517,25344
DA:518,25344
DA:519,25344
DA:521,25344
DA:523,25344
DA:524,25344
DA:527,25344
DA:528,25344
DA:531,25344
DA:532,25344
DA:535,25344
DA:536,25344
DA:538,25344
DA:539,25344
DA:541,25344
DA:542,25344
DA:544,25344
DA:545,25344
DA:547,25344
DA:548,25344
DA:550,25344
DA:551,25344
DA:553,25344
DA:556,25344
BRDA:556,13,0,-
BRDA:556,13,1,25344
DA:557,0
DA:560,25344
FNF:19
FNH:19
LF:132
LH:127
BRF:28
BRH:23
end_of_record
TN:
SF:contracts/coreRelayer/CoreRelayerSetters.sol
FN:14,CoreRelayerSetters.setInitialized
FNDA:0,CoreRelayerSetters.setInitialized
DA:15,0
FN:18,CoreRelayerSetters.setConsumedGovernanceAction
FNDA:0,CoreRelayerSetters.setConsumedGovernanceAction
DA:19,0
FN:22,CoreRelayerSetters.setGovernanceChainId
FNDA:0,CoreRelayerSetters.setGovernanceChainId
DA:23,0
FN:26,CoreRelayerSetters.setGovernanceContract
FNDA:0,CoreRelayerSetters.setGovernanceContract
DA:27,0
FN:30,CoreRelayerSetters.setChainId
FNDA:0,CoreRelayerSetters.setChainId
DA:31,0
FN:34,CoreRelayerSetters.setWormhole
FNDA:0,CoreRelayerSetters.setWormhole
DA:35,0
FN:38,CoreRelayerSetters.setRelayProvider
FNDA:0,CoreRelayerSetters.setRelayProvider
DA:39,0
FN:42,CoreRelayerSetters.setRegisteredCoreRelayerContract
FNDA:0,CoreRelayerSetters.setRegisteredCoreRelayerContract
DA:43,0
FN:46,CoreRelayerSetters.setForwardInstruction
FNDA:1280,CoreRelayerSetters.setForwardInstruction
DA:47,1280
FN:50,CoreRelayerSetters.clearForwardInstruction
FNDA:1024,CoreRelayerSetters.clearForwardInstruction
DA:51,1024
FN:54,CoreRelayerSetters.setContractLock
FNDA:19968,CoreRelayerSetters.setContractLock
DA:55,19968
FN:58,CoreRelayerSetters.setLockedTargetAddress
FNDA:9984,CoreRelayerSetters.setLockedTargetAddress
DA:59,9984
FN:62,CoreRelayerSetters.setEvmChainId
FNDA:0,CoreRelayerSetters.setEvmChainId
DA:63,0
BRDA:63,0,0,-
BRDA:63,0,1,-
DA:64,0
DA:66,0
FNF:13
FNH:4
LF:15
LH:4
BRF:2
BRH:0
end_of_record
TN:
SF:contracts/coreRelayer/CoreRelayerSetup.sol
FN:16,CoreRelayerSetup.setup
FNDA:0,CoreRelayerSetup.setup
DA:26,0
BRDA:26,0,0,-
BRDA:26,0,1,-
DA:27,0
DA:29,0
BRDA:29,1,0,-
BRDA:29,1,1,-
DA:30,0
DA:32,0
BRDA:32,2,0,-
BRDA:32,2,1,-
DA:33,0
DA:36,0
DA:38,0
DA:40,0
DA:42,0
DA:43,0
DA:44,0
DA:46,0
DA:49,0
DA:50,0
BRDA:50,3,0,-
BRDA:50,3,1,-
DA:51,0
FNF:1
FNH:0
LF:16
LH:0
BRF:8
BRH:0
end_of_record
TN:
SF:contracts/example_integrations/xMint/Hub.sol
FN:45,XmintHub.registerApplicationContracts
FNDA:0,XmintHub.registerApplicationContracts
DA:46,0
BRDA:46,0,0,-
BRDA:46,0,1,-
DA:47,0
FN:51,XmintHub.receiveWormholeMessages
FNDA:0,XmintHub.receiveWormholeMessages
DA:53,0
DA:54,0
DA:59,0
DA:61,0
BRDA:61,1,0,-
BRDA:61,1,1,-
DA:65,0
DA:66,0
DA:69,0
DA:72,0
DA:75,0
FN:78,XmintHub.bridgeTokens
FNDA:0,XmintHub.bridgeTokens
DA:79,0
FN:88,XmintHub.requestForward
FNDA:0,XmintHub.requestForward
DA:89,0
DA:90,0
DA:91,0
DA:93,0
DA:102,0
FN:109,XmintHub.calculateMintAmount
FNDA:0,XmintHub.calculateMintAmount
DA:112,0
FN:117,XmintHub.purchaseLocal
FNDA:0,XmintHub.purchaseLocal
FN:121,XmintHub.mintLocal
FNDA:0,XmintHub.mintLocal
FN:125,XmintHub.bytesToBytes32
FNDA:0,XmintHub.bytesToBytes32
DA:126,0
DA:128,0
DA:129,0
DA:131,0
FNF:8
FNH:0
LF:22
LH:0
BRF:4
BRH:0
end_of_record
TN:
SF:contracts/example_integrations/xMint/Spoke.sol
FN:47,XmintSpoke.purchaseTokens
FNDA:0,XmintSpoke.purchaseTokens
DA:49,0
DA:50,0
DA:53,0
BRDA:53,0,0,-
BRDA:53,0,1,-
DA:55,0
DA:57,0
DA:65,0
FN:69,XmintSpoke.receiveWormholeMessages
FNDA:0,XmintSpoke.receiveWormholeMessages
DA:71,0
DA:72,0
DA:73,0
BRDA:73,1,0,-
BRDA:73,1,1,-
DA:79,0
DA:81,0
FN:86,XmintSpoke.requestDelivery
FNDA:0,XmintSpoke.requestDelivery
DA:87,0
DA:88,0
DA:89,0
DA:91,0
DA:100,0
FN:105,XmintSpoke.bytesToBytes32
FNDA:0,XmintSpoke.bytesToBytes32
DA:106,0
DA:108,0
DA:109,0
DA:111,0
FNF:4
FNH:0
LF:20
LH:0
BRF:4
BRH:0
end_of_record
TN:
SF:contracts/libraries/external/BytesLib.sol
FN:12,BytesLib.slice
FNDA:0,BytesLib.slice
DA:14,0
BRDA:14,0,0,-
BRDA:14,0,1,-
DA:16,0
BRDA:16,1,0,-
BRDA:16,1,1,-
DA:18,0
DA:70,0
FN:73,BytesLib.toAddress
FNDA:0,BytesLib.toAddress
DA:74,0
BRDA:74,2,0,-
BRDA:74,2,1,-
DA:75,0
DA:78,0
DA:81,0
FN:84,BytesLib.toUint8
FNDA:0,BytesLib.toUint8
DA:85,0
BRDA:85,3,0,-
BRDA:85,3,1,-
DA:86,0
DA:89,0
DA:92,0
FN:95,BytesLib.toUint16
FNDA:0,BytesLib.toUint16
DA:96,0
BRDA:96,4,0,-
BRDA:96,4,1,-
DA:97,0
DA:100,0
DA:103,0
FN:106,BytesLib.toUint32
FNDA:0,BytesLib.toUint32
DA:107,0
BRDA:107,5,0,-
BRDA:107,5,1,-
DA:108,0
DA:111,0
DA:114,0
FN:117,BytesLib.toUint64
FNDA:0,BytesLib.toUint64
DA:118,0
BRDA:118,6,0,-
BRDA:118,6,1,-
DA:119,0
DA:122,0
DA:125,0
FN:128,BytesLib.toUint128
FNDA:0,BytesLib.toUint128
DA:129,0
BRDA:129,7,0,-
BRDA:129,7,1,-
DA:130,0
DA:133,0
DA:136,0
FN:139,BytesLib.toUint256
FNDA:0,BytesLib.toUint256
DA:140,0
BRDA:140,8,0,-
BRDA:140,8,1,-
DA:141,0
DA:144,0
DA:147,0
FN:150,BytesLib.toBytes32
FNDA:0,BytesLib.toBytes32
DA:151,0
BRDA:151,9,0,-
BRDA:151,9,1,-
DA:152,0
DA:155,0
DA:158,0
FNF:9
FNH:0
LF:36
LH:0
BRF:20
BRH:0
end_of_record
TN:
SF:contracts/mock/AttackForwardIntegration.sol
FN:33,AttackForwardIntegration.receiveWormholeMessages
FNDA:256,AttackForwardIntegration.receiveWormholeMessages
FN:45,AttackForwardIntegration.forward
FNDA:256,AttackForwardIntegration.forward
DA:46,256
DA:47,256
DA:49,256
DA:59,256
FN:62,AttackForwardIntegration.toWormholeFormat
FNDA:0,AttackForwardIntegration.toWormholeFormat
DA:63,256
FNF:3
FNH:2
LF:5
LH:5
BRF:0
BRH:0
end_of_record
TN:
SF:contracts/mock/MockRelayerIntegration.sol
FN:46,MockRelayerIntegration.sendMessage
FNDA:256,MockRelayerIntegration.sendMessage
DA:47,256
FN:50,MockRelayerIntegration.sendMessageWithRefundAddress
FNDA:7424,MockRelayerIntegration.sendMessageWithRefundAddress
DA:56,7424
FN:59,MockRelayerIntegration.sendMessageWithForwardedResponse
FNDA:512,MockRelayerIntegration.sendMessageWithForwardedResponse
DA:65,512
DA:66,512
DA:67,512
DA:68,512
DA:69,512
DA:70,512
DA:71,512
DA:72,512
DA:73,512
DA:74,512
DA:75,512
DA:76,512
FN:79,MockRelayerIntegration.sendMessageGeneral
FNDA:1024,MockRelayerIntegration.sendMessageGeneral
DA:87,8704
DA:88,8704
DA:89,8704
FN:92,MockRelayerIntegration.sendMessagesWithFurtherInstructions
FNDA:0,MockRelayerIntegration.sendMessagesWithFurtherInstructions
DA:98,0
DA:99,0
DA:101,0
DA:102,0
DA:103,0
DA:104,0
DA:113,0
DA:117,0
FN:120,MockRelayerIntegration.executeSend
FNDA:9216,MockRelayerIntegration.executeSend
DA:127,9216
DA:136,9216
FN:139,MockRelayerIntegration.receiveWormholeMessages
FNDA:3584,MockRelayerIntegration.receiveWormholeMessages
DA:141,3328
DA:142,3328
DA:143,3072
DA:144,3072
DA:145,3072
DA:146,3072
BRDA:146,0,0,-
BRDA:146,0,1,3072
DA:148,3072
BRDA:148,1,0,-
BRDA:148,1,1,3072
DA:149,3072
DA:152,3072
DA:153,3072
DA:154,3072
DA:156,3072
BRDA:156,2,0,-
BRDA:156,2,1,768
DA:157,768
DA:158,1536
DA:160,768
DA:161,768
DA:162,768
DA:173,768
DA:178,768
FN:182,MockRelayerIntegration.getPayload
FNDA:0,MockRelayerIntegration.getPayload
DA:183,0
FN:186,MockRelayerIntegration.getMessage
FNDA:7936,MockRelayerIntegration.getMessage
DA:187,7936
BRDA:187,3,0,-
BRDA:187,3,1,4864
DA:188,4864
DA:190,3072
FN:193,MockRelayerIntegration.getMessages
FNDA:0,MockRelayerIntegration.getMessages
DA:194,0
FN:197,MockRelayerIntegration.clearPayload
FNDA:0,MockRelayerIntegration.clearPayload
DA:198,0
FN:201,MockRelayerIntegration.parseWormholeObservation
FNDA:0,MockRelayerIntegration.parseWormholeObservation
DA:202,0
FN:205,MockRelayerIntegration.emitterAddress
FNDA:0,MockRelayerIntegration.emitterAddress
DA:206,0
FN:209,MockRelayerIntegration.registerEmitter
FNDA:0,MockRelayerIntegration.registerEmitter
DA:210,0
BRDA:210,4,0,-
BRDA:210,4,1,-
DA:211,0
FN:214,MockRelayerIntegration.encodeFurtherInstructions
FNDA:256,MockRelayerIntegration.encodeFurtherInstructions
DA:219,768
DA:222,768
DA:223,1536
DA:229,768
DA:231,768
DA:232,768
FN:238,MockRelayerIntegration.decodeFurtherInstructions
FNDA:0,MockRelayerIntegration.decodeFurtherInstructions
DA:243,3072
DA:245,3072
DA:246,3072
DA:248,3072
BRDA:248,5,0,2304
BRDA:248,5,1,768
DA:249,2304
DA:252,768
DA:253,768
DA:254,768
DA:255,768
DA:256,1536
DA:257,1536
DA:258,1536
DA:259,1536
DA:262,768
DA:263,768
DA:264,768
DA:265,768
DA:266,768
DA:267,768
DA:268,768
DA:269,768
DA:270,768
DA:272,768
DA:273,768
FNF:16
FNH:8
LF:86
LH:71
BRF:12
BRH:6
end_of_record
TN:
SF:contracts/mock/MockWormhole.sol
FN:44,MockWormhole.invalidateVM
FNDA:768,MockWormhole.invalidateVM
DA:45,768
DA:46,768
FN:49,MockWormhole.publishMessage
FNDA:37888,MockWormhole.publishMessage
DA:54,37888
BRDA:54,0,0,-
BRDA:54,0,1,37888
DA:55,37888
DA:56,37888
FN:59,MockWormhole.parseVM
FNDA:31744,MockWormhole.parseVM
DA:60,31744
FN:63,MockWormhole.parseAndVerifyVM
FNDA:25856,MockWormhole.parseAndVerifyVM
DA:68,25856
DA:70,25856
DA:71,25856
FN:74,MockWormhole._parseVM
FNDA:58368,MockWormhole._parseVM
DA:75,58368
BRDA:75,1,0,-
BRDA:75,1,1,58368
DA:77,58368
DA:79,58368
DA:80,58368
DA:81,58368
DA:83,58368
DA:84,58368
DA:86,58368
DA:88,58368
DA:89,58368
DA:90,58368
DA:92,58368
DA:93,58368
DA:95,58368
DA:96,58368
DA:98,58368
DA:99,58368
DA:101,58368
DA:102,58368
DA:104,58368
DA:105,58368
DA:107,58368
DA:108,58368
FN:111,MockWormhole.parseSignatures
FNDA:58368,MockWormhole.parseSignatures
DA:116,58368
DA:117,58368
DA:119,58368
BRDA:119,2,0,-
BRDA:119,2,1,58368
DA:121,58368
DA:122,58368
DA:123,58368
DA:124,58368
DA:126,58368
DA:127,58368
DA:129,58368
DA:130,58368
DA:132,58368
DA:133,58368
DA:135,58368
DA:146,58368
FN:149,MockWormhole.initialize
FNDA:0,MockWormhole.initialize
FN:151,MockWormhole.quorum
FNDA:0,MockWormhole.quorum
DA:152,0
FN:158,MockWormhole.chainId
FNDA:9728,MockWormhole.chainId
DA:159,9728
FN:162,MockWormhole.evmChainId
FNDA:0,MockWormhole.evmChainId
DA:163,0
FN:166,MockWormhole.getCurrentGuardianSetIndex
FNDA:35072,MockWormhole.getCurrentGuardianSetIndex
DA:167,0
FN:170,MockWormhole.getGuardianSet
FNDA:0,MockWormhole.getGuardianSet
DA:171,0
FN:174,MockWormhole.getGuardianSetExpiry
FNDA:0,MockWormhole.getGuardianSetExpiry
DA:175,0
FN:178,MockWormhole.governanceActionIsConsumed
FNDA:0,MockWormhole.governanceActionIsConsumed
DA:179,0
FN:182,MockWormhole.isInitialized
FNDA:0,MockWormhole.isInitialized
DA:183,0
FN:186,MockWormhole.isFork
FNDA:0,MockWormhole.isFork
DA:187,0
FN:190,MockWormhole.governanceChainId
FNDA:0,MockWormhole.governanceChainId
DA:191,0
FN:194,MockWormhole.governanceContract
FNDA:0,MockWormhole.governanceContract
DA:195,0
FN:198,MockWormhole.messageFee
FNDA:110848,MockWormhole.messageFee
DA:199,110848
FN:202,MockWormhole.nextSequence
FNDA:0,MockWormhole.nextSequence
DA:203,0
FN:206,MockWormhole.verifyVM
FNDA:0,MockWormhole.verifyVM
DA:207,0
FN:210,MockWormhole.verifySignatures
FNDA:0,MockWormhole.verifySignatures
DA:215,0
FN:218,MockWormhole.parseContractUpgrade
FNDA:0,MockWormhole.parseContractUpgrade
DA:223,0
FN:226,MockWormhole.parseGuardianSetUpgrade
FNDA:0,MockWormhole.parseGuardianSetUpgrade
DA:231,0
FN:234,MockWormhole.parseSetMessageFee
FNDA:0,MockWormhole.parseSetMessageFee
DA:239,0
FN:242,MockWormhole.parseTransferFees
FNDA:0,MockWormhole.parseTransferFees
DA:247,0
FN:250,MockWormhole.parseRecoverChainId
FNDA:0,MockWormhole.parseRecoverChainId
DA:255,0
FN:258,MockWormhole.submitContractUpgrade
FNDA:0,MockWormhole.submitContractUpgrade
DA:259,0
FN:262,MockWormhole.submitSetMessageFee
FNDA:0,MockWormhole.submitSetMessageFee
DA:263,0
FN:266,MockWormhole.setMessageFee
FNDA:23040,MockWormhole.setMessageFee
DA:267,23040
FN:270,MockWormhole.submitNewGuardianSet
FNDA:0,MockWormhole.submitNewGuardianSet
DA:271,0
FN:274,MockWormhole.submitTransferFees
FNDA:0,MockWormhole.submitTransferFees
DA:275,0
FN:278,MockWormhole.submitRecoverChainId
FNDA:0,MockWormhole.submitRecoverChainId
DA:279,0
FNF:33
FNH:10
LF:73
LH:50
BRF:6
BRH:3
end_of_record
TN:
SF:contracts/relayProvider/RelayProvider.sol
FN:22,RelayProvider.quoteDeliveryOverhead
FNDA:47616,RelayProvider.quoteDeliveryOverhead
DA:23,59904
DA:24,59904
DA:25,59904
FN:29,RelayProvider.quoteRedeliveryOverhead
FNDA:12288,RelayProvider.quoteRedeliveryOverhead
DA:30,12288
FN:34,RelayProvider.quoteGasPrice
FNDA:42805,RelayProvider.quoteGasPrice
DA:35,42805
FN:39,RelayProvider.quoteAssetPrice
FNDA:117758,RelayProvider.quoteAssetPrice
DA:40,323176
FN:44,RelayProvider.quoteMaximumBudget
FNDA:16640,RelayProvider.quoteMaximumBudget
DA:45,16640
FN:49,RelayProvider.getDeliveryAddress
FNDA:19712,RelayProvider.getDeliveryAddress
DA:50,19712
FN:54,RelayProvider.getRewardAddress
FNDA:14592,RelayProvider.getRewardAddress
DA:55,14592
FN:59,RelayProvider.getConsistencyLevel
FNDA:15104,RelayProvider.getConsistencyLevel
DA:60,15104
FN:65,RelayProvider.getAssetConversionBuffer
FNDA:18432,RelayProvider.getAssetConversionBuffer
DA:71,18432
FN:81,RelayProvider.quoteAssetConversion
FNDA:102709,RelayProvider.quoteAssetConversion
DA:86,102709
DA:87,102709
DA:90,102709
FN:94,RelayProvider.redeliverSingle
FNDA:0,RelayProvider.redeliverSingle
DA:99,0
DA:100,0
DA:101,0
FN:104,RelayProvider.deliverSingle
FNDA:0,RelayProvider.deliverSingle
DA:109,0
DA:110,0
DA:111,0
FNF:12
FNH:10
LF:20
LH:14
BRF:0
BRH:0
end_of_record
TN:
SF:contracts/relayProvider/RelayProviderGetters.sol
FN:11,RelayProviderGetters.owner
FNDA:1536,RelayProviderGetters.owner
DA:12,97792
FN:15,RelayProviderGetters.pendingOwner
FNDA:0,RelayProviderGetters.pendingOwner
DA:16,0
FN:19,RelayProviderGetters.isInitialized
FNDA:0,RelayProviderGetters.isInitialized
DA:20,1536
FN:23,RelayProviderGetters.chainId
FNDA:1536,RelayProviderGetters.chainId
DA:24,104245
FN:27,RelayProviderGetters.coreRelayer
FNDA:0,RelayProviderGetters.coreRelayer
DA:28,0
FN:31,RelayProviderGetters.approvedSender
FNDA:0,RelayProviderGetters.approvedSender
DA:32,0
FN:35,RelayProviderGetters.gasPrice
FNDA:0,RelayProviderGetters.gasPrice
DA:36,102709
FN:39,RelayProviderGetters.nativeCurrencyPrice
FNDA:0,RelayProviderGetters.nativeCurrencyPrice
DA:40,323176
FN:43,RelayProviderGetters.deliverGasOverhead
FNDA:0,RelayProviderGetters.deliverGasOverhead
DA:44,83200
FN:47,RelayProviderGetters.maximumBudget
FNDA:0,RelayProviderGetters.maximumBudget
DA:48,16640
FN:51,RelayProviderGetters.wormholeFee
FNDA:0,RelayProviderGetters.wormholeFee
DA:52,59904
FN:55,RelayProviderGetters.rewardAddress
FNDA:0,RelayProviderGetters.rewardAddress
DA:56,14592
FN:59,RelayProviderGetters.deliveryAddress
FNDA:0,RelayProviderGetters.deliveryAddress
DA:60,19712
FN:63,RelayProviderGetters.assetConversionBuffer
FNDA:0,RelayProviderGetters.assetConversionBuffer
DA:68,18432
DA:69,18432
FNF:14
FNH:2
LF:15
LH:12
BRF:0
BRH:0
end_of_record
TN:
SF:contracts/relayProvider/RelayProviderGovernance.sol
FN:33,RelayProviderGovernance.updateCoreRelayer
FNDA:0,RelayProviderGovernance.updateCoreRelayer
DA:34,0
DA:35,0
FN:38,RelayProviderGovernance.updateApprovedSender
FNDA:0,RelayProviderGovernance.updateApprovedSender
DA:39,0
DA:40,0
FN:43,RelayProviderGovernance.updateRewardAddress
FNDA:0,RelayProviderGovernance.updateRewardAddress
DA:44,0
DA:45,0
FN:48,RelayProviderGovernance.updateDeliveryAddress
FNDA:768,RelayProviderGovernance.updateDeliveryAddress
DA:49,768
DA:50,768
FN:53,RelayProviderGovernance.updateDeliverGasOverhead
FNDA:23296,RelayProviderGovernance.updateDeliverGasOverhead
DA:54,23296
DA:55,23296
DA:56,23296
FN:59,RelayProviderGovernance.updateWormholeFee
FNDA:23040,RelayProviderGovernance.updateWormholeFee
DA:60,23040
FN:63,RelayProviderGovernance.updatePrice
FNDA:47616,RelayProviderGovernance.updatePrice
DA:67,47872
BRDA:67,0,0,256
BRDA:67,0,1,47616
DA:68,256
DA:70,47616
BRDA:70,1,0,256
BRDA:70,1,1,47360
DA:71,256
DA:73,47360
BRDA:73,2,0,256
BRDA:73,2,1,47104
DA:74,256
DA:77,47104
FN:80,RelayProviderGovernance.updatePrices
FNDA:256,RelayProviderGovernance.updatePrices
DA:81,256
DA:82,256
DA:83,512
DA:85,512
FN:90,RelayProviderGovernance.updateMaximumBudget
FNDA:768,RelayProviderGovernance.updateMaximumBudget
DA:91,768
FN:94,RelayProviderGovernance.updateAssetConversionBuffer
FNDA:0,RelayProviderGovernance.updateAssetConversionBuffer
DA:98,0
DA:99,0
FN:103,RelayProviderGovernance.upgrade
FNDA:0,RelayProviderGovernance.upgrade
DA:104,0
BRDA:104,3,0,-
BRDA:104,3,1,-
DA:105,0
DA:108,0
DA:110,0
DA:113,0
DA:115,0
BRDA:115,4,0,-
BRDA:115,4,1,-
DA:116,0
DA:119,0
FN:126,RelayProviderGovernance.submitOwnershipTransferRequest
FNDA:0,RelayProviderGovernance.submitOwnershipTransferRequest
DA:127,0
BRDA:127,5,0,-
BRDA:127,5,1,-
DA:128,0
DA:130,0
BRDA:130,6,0,-
BRDA:130,6,1,-
DA:131,0
DA:134,0
FN:142,RelayProviderGovernance.confirmOwnershipTransferRequest
FNDA:0,RelayProviderGovernance.confirmOwnershipTransferRequest
DA:144,0
DA:146,0
BRDA:146,7,0,-
BRDA:146,7,1,-
DA:147,0
DA:151,0
DA:154,0
DA:155,0
DA:157,0
FNF:13
FNH:6
LF:46
LH:18
BRF:16
BRH:6
end_of_record
TN:
SF:contracts/relayProvider/RelayProviderImplementation.sol
FN:13,RelayProviderImplementation.initialize
FNDA:1536,RelayProviderImplementation.initialize
FNF:1
FNH:1
LF:0
LH:0
BRF:0
BRH:0
end_of_record
TN:
SF:contracts/relayProvider/RelayProviderSetters.sol
FN:11,RelayProviderSetters.setOwner
FNDA:1536,RelayProviderSetters.setOwner
DA:12,1536
FN:15,RelayProviderSetters.setPendingOwner
FNDA:0,RelayProviderSetters.setPendingOwner
DA:16,0
FN:19,RelayProviderSetters.setInitialized
FNDA:1536,RelayProviderSetters.setInitialized
DA:20,1536
FN:23,RelayProviderSetters.setChainId
FNDA:1536,RelayProviderSetters.setChainId
DA:24,1536
FN:27,RelayProviderSetters.setCoreRelayer
FNDA:0,RelayProviderSetters.setCoreRelayer
DA:28,0
FN:31,RelayProviderSetters.setApprovedSender
FNDA:0,RelayProviderSetters.setApprovedSender
DA:32,0
FN:35,RelayProviderSetters.setDeliverGasOverhead
FNDA:23296,RelayProviderSetters.setDeliverGasOverhead
DA:36,23296
FN:39,RelayProviderSetters.setWormholeFee
FNDA:23040,RelayProviderSetters.setWormholeFee
DA:40,23040
FN:43,RelayProviderSetters.setRewardAddress
FNDA:0,RelayProviderSetters.setRewardAddress
DA:44,0
FN:47,RelayProviderSetters.setDeliveryAddress
FNDA:768,RelayProviderSetters.setDeliveryAddress
DA:48,768
FN:51,RelayProviderSetters.setMaximumBudget
FNDA:768,RelayProviderSetters.setMaximumBudget
DA:52,768
FN:55,RelayProviderSetters.setPriceInfo
FNDA:47104,RelayProviderSetters.setPriceInfo
DA:56,47104
DA:57,47104
FN:60,RelayProviderSetters.setAssetConversionBuffer
FNDA:0,RelayProviderSetters.setAssetConversionBuffer
DA:61,0
DA:62,0
DA:63,0
FNF:13
FNH:8
LF:16
LH:9
BRF:0
BRH:0
end_of_record
TN:
SF:contracts/relayProvider/RelayProviderSetup.sol
FN:14,RelayProviderSetup.setup
FNDA:1536,RelayProviderSetup.setup
DA:16,1536
BRDA:16,0,0,-
BRDA:16,0,1,1536
DA:17,0
DA:20,1536
DA:22,1536
DA:24,1536
DA:27,1536
DA:28,1536
BRDA:28,1,0,-
BRDA:28,1,1,1536
DA:29,0
FNF:1
FNH:1
LF:8
LH:6
BRF:4
BRH:2
end_of_record
TN:
SF:forge-test/ForwardTester.sol
FN:45,ForwardTester.receiveWormholeMessages
FNDA:2048,ForwardTester.receiveWormholeMessages
DA:46,2048
DA:47,2048
BRDA:47,0,0,-
BRDA:47,0,1,2048
DA:49,2048
DA:50,2048
DA:52,2048
BRDA:52,1,0,256
BRDA:52,1,1,-
DA:53,256
DA:54,256
DA:55,256
DA:56,256
DA:57,1792
BRDA:57,2,0,-
BRDA:57,2,1,-
DA:59,256
DA:60,256
DA:61,256
DA:64,1536
BRDA:64,3,0,256
BRDA:64,3,1,-
DA:65,256
DA:66,256
DA:67,256
DA:68,1280
BRDA:68,4,0,256
BRDA:68,4,1,-
DA:69,256
DA:75,1024
BRDA:75,5,0,256
BRDA:75,5,1,-
DA:76,256
DA:77,256
DA:78,256
DA:79,768
BRDA:79,6,0,256
BRDA:79,6,1,-
DA:81,256
DA:82,256
DA:83,256
DA:84,512
BRDA:84,7,0,256
BRDA:84,7,1,-
DA:85,256
DA:86,256
DA:87,256
DA:88,256
DA:89,256
DA:92,256
DA:93,256
DA:94,256
FNF:1
FNH:1
LF:36
LH:36
BRF:16
BRH:7
end_of_record
TN:
SF:forge-test/MockGenericRelayer.sol
FN:43,MockGenericRelayer.getPastEncodedVMs
FNDA:1792,MockGenericRelayer.getPastEncodedVMs
DA:44,1792
FN:47,MockGenericRelayer.setWormholeRelayerContract
FNDA:2048,MockGenericRelayer.setWormholeRelayerContract
DA:48,2048
FN:51,MockGenericRelayer.setProviderDeliveryAddress
FNDA:2560,MockGenericRelayer.setProviderDeliveryAddress
DA:52,2560
FN:55,MockGenericRelayer.setWormholeFee
FNDA:25088,MockGenericRelayer.setWormholeFee
DA:56,25088
FN:59,MockGenericRelayer.relay
FNDA:11520,MockGenericRelayer.relay
DA:60,11520
FN:63,MockGenericRelayer.relay
FNDA:256,MockGenericRelayer.relay
DA:64,11776
DA:65,11776
DA:66,11776
DA:67,28416
DA:71,11776
DA:72,11776
DA:73,28416
DA:75,11776
DA:76,28416
BRDA:76,0,0,-
BRDA:76,0,1,11520
DA:77,11520
DA:78,11520
DA:79,11520
DA:80,16896
BRDA:80,1,0,16896
BRDA:80,1,1,16896
DA:81,16896
DA:84,11520
DA:85,11520
DA:86,11520
DA:87,28416
BRDA:87,2,0,-
BRDA:87,2,1,28416
DA:88,28416
DA:89,28416
DA:92,11520
DA:93,11520
DA:94,28416
BRDA:94,3,0,-
BRDA:94,3,1,11520
DA:96,28416
BRDA:95,4,0,-
BRDA:95,4,1,11520
DA:99,11520
DA:101,28160
DA:106,11520
DA:107,28160
FN:111,MockGenericRelayer.genericRelay
FNDA:11520,MockGenericRelayer.genericRelay
DA:117,11520
DA:118,11520
BRDA:118,5,0,256
BRDA:118,5,1,9216
DA:119,9728
DA:120,9728
DA:121,9728
DA:122,9728
DA:123,9728
DA:124,9728
DA:125,9728
DA:131,9728
BRDA:131,6,0,256
BRDA:131,6,1,9216
DA:132,9472
DA:133,9472
DA:138,9472
DA:139,1792
BRDA:139,7,0,-
BRDA:139,7,1,1792
DA:140,1792
DA:141,1792
DA:142,1792
DA:143,1792
DA:144,1792
DA:145,1792
DA:146,1792
DA:152,1792
DA:153,1792
FNF:7
FNH:7
LF:56
LH:56
BRF:16
BRH:11
end_of_record
TN:
SF:forge-test/WormholeSimulator.sol
FN:18,WormholeSimulator.doubleKeccak256
FNDA:35072,WormholeSimulator.doubleKeccak256
DA:19,35072
FN:22,WormholeSimulator.parseVMFromLogs
FNDA:35072,WormholeSimulator.parseVMFromLogs
DA:23,35072
DA:26,35072
DA:29,35072
DA:30,35072
DA:33,35072
DA:34,35072
DA:37,35072
DA:40,35072
DA:41,35072
DA:44,35072
DA:45,35072
DA:47,35072
DA:48,35072
DA:51,35072
DA:53,35072
BRDA:53,0,0,-
BRDA:53,0,1,35072
FN:60,WormholeSimulator.fetchWormholeMessageFromLog
FNDA:11776,WormholeSimulator.fetchWormholeMessageFromLog
DA:61,11776
DA:62,11776
DA:63,30976
BRDA:63,1,0,28416
BRDA:63,1,1,30976
DA:64,28416
DA:69,11776
DA:71,11776
DA:72,11776
DA:73,30976
BRDA:73,2,0,-
BRDA:73,2,1,28416
DA:74,28416
DA:75,28416
DA:79,11776
FN:87,WormholeSimulator.encodeObservation
FNDA:0,WormholeSimulator.encodeObservation
DA:88,35072
FN:104,WormholeSimulator.fetchSignedMessageFromLogs
FNDA:35072,WormholeSimulator.fetchSignedMessageFromLogs
DA:109,35072
DA:112,35072
DA:113,35072
DA:114,35072
DA:115,35072
DA:117,35072
FN:173,FakeWormholeSimulator.setMessageFee
FNDA:23040,FakeWormholeSimulator.setMessageFee
DA:174,23040
FN:177,FakeWormholeSimulator.invalidateVM
FNDA:768,FakeWormholeSimulator.invalidateVM
DA:178,768
FN:187,FakeWormholeSimulator.fetchSignedBatchVAAFromLogs
FNDA:0,FakeWormholeSimulator.fetchSignedBatchVAAFromLogs
DA:193,0
DA:194,0
DA:196,0
DA:197,0
DA:198,0
DA:199,0
DA:200,0
DA:201,0
BRDA:201,0,0,-
BRDA:201,0,1,-
DA:202,0
DA:206,0
DA:207,0
DA:209,0
DA:210,0
DA:211,0
BRDA:211,1,0,-
BRDA:211,1,1,-
DA:212,0
DA:221,0
DA:222,0
DA:224,0
DA:228,0
FN:254,FakeWormholeSimulator.encodeAndSignMessage
FNDA:0,FakeWormholeSimulator.encodeAndSignMessage
DA:256,35072
DA:257,35072
DA:259,35072
FN:305,SigningWormholeSimulator.overrideToDevnetGuardian
FNDA:0,SigningWormholeSimulator.overrideToDevnetGuardian
DA:308,0
DA:309,0
DA:314,0
DA:315,0
DA:316,0
DA:320,0
DA:326,0
DA:333,0
DA:340,0
DA:341,0
BRDA:341,0,0,-
BRDA:341,0,1,-
DA:342,0
BRDA:342,1,0,-
BRDA:342,1,1,-
FN:346,SigningWormholeSimulator.setMessageFee
FNDA:0,SigningWormholeSimulator.setMessageFee
DA:347,0
DA:348,0
DA:349,0
DA:363,0
DA:364,0
FN:367,SigningWormholeSimulator.invalidateVM
FNDA:0,SigningWormholeSimulator.invalidateVM
FN:378,SigningWormholeSimulator.fetchSignedBatchVAAFromLogs
FNDA:0,SigningWormholeSimulator.fetchSignedBatchVAAFromLogs
DA:384,0
DA:385,0
DA:387,0
DA:388,0
DA:389,0
DA:390,0
DA:391,0
DA:392,0
BRDA:392,2,0,-
BRDA:392,2,1,-
DA:393,0
DA:397,0
DA:398,0
DA:400,0
DA:401,0
DA:402,0
BRDA:402,3,0,-
BRDA:402,3,1,-
DA:403,0
DA:412,0
DA:413,0
DA:415,0
DA:419,0
DA:421,0
DA:422,0
DA:424,0
DA:426,0
FN:446,SigningWormholeSimulator.encodeAndSignMessage
FNDA:0,SigningWormholeSimulator.encodeAndSignMessage
DA:448,0
DA:449,0
DA:452,0
DA:453,0
DA:454,0
DA:456,0
FNF:14
FNH:6
LF:103
LH:39
BRF:18
BRH:4
end_of_record
